Unity Editor version:    2021.3.11f1 (0a5ca18544bf)
Branch:                  2021.3/staging
Build type:              Release
Batch mode:              YES
macOS version:           Version 12.2.1 (Build 21D62)
Darwin version:          21.3.0
Architecture:            arm64
Running under Rosetta:   NO
Available memory:        8192 MB
Using pre-set license
Pro License: YES

COMMAND LINE ARGUMENTS:
/Applications/Unity/Hub/Editor/2021.3.11f1/Unity.app/Contents/MacOS/Unity
-adb2
-batchMode
-noUpm
-name
AssetImportWorker0
-projectPath
/Users/pk/Games/chatsdk/UnityChatSDK
-logFile
Logs/AssetImportWorker0.log
-srvPort
61553
Successfully changed project path to: /Users/pk/Games/chatsdk/UnityChatSDK
/Users/pk/Games/chatsdk/UnityChatSDK
[UnityMemory] Configuration Parameters - Can be set up in boot.config
    "memorysetup-bucket-allocator-granularity=16"
    "memorysetup-bucket-allocator-bucket-count=8"
    "memorysetup-bucket-allocator-block-size=33554432"
    "memorysetup-bucket-allocator-block-count=8"
    "memorysetup-main-allocator-block-size=16777216"
    "memorysetup-thread-allocator-block-size=16777216"
    "memorysetup-gfx-main-allocator-block-size=16777216"
    "memorysetup-gfx-thread-allocator-block-size=16777216"
    "memorysetup-cache-allocator-block-size=4194304"
    "memorysetup-typetree-allocator-block-size=2097152"
    "memorysetup-profiler-bucket-allocator-granularity=16"
    "memorysetup-profiler-bucket-allocator-bucket-count=8"
    "memorysetup-profiler-bucket-allocator-block-size=33554432"
    "memorysetup-profiler-bucket-allocator-block-count=8"
    "memorysetup-profiler-allocator-block-size=16777216"
    "memorysetup-profiler-editor-allocator-block-size=1048576"
    "memorysetup-temp-allocator-size-main=16777216"
    "memorysetup-job-temp-allocator-block-size=2097152"
    "memorysetup-job-temp-allocator-block-size-background=1048576"
    "memorysetup-job-temp-allocator-reduction-small-platforms=262144"
    "memorysetup-temp-allocator-size-background-worker=32768"
    "memorysetup-temp-allocator-size-job-worker=262144"
    "memorysetup-temp-allocator-size-preload-manager=33554432"
    "memorysetup-temp-allocator-size-nav-mesh-worker=65536"
    "memorysetup-temp-allocator-size-audio-worker=65536"
    "memorysetup-temp-allocator-size-cloud-worker=32768"
    "memorysetup-temp-allocator-size-gi-baking-worker=262144"
    "memorysetup-temp-allocator-size-gfx=262144"
Refreshing native plugins compatible for Editor in 185.33 ms, found 3 plugins.
Preloading 0 native plugins for Editor in 0.00 ms.
Initialize engine version: 2021.3.11f1 (0a5ca18544bf)
[Subsystems] Discovering subsystems at path /Applications/Unity/Hub/Editor/2021.3.11f1/Unity.app/Contents/Resources/UnitySubsystems
[Subsystems] Discovering subsystems at path /Users/pk/Games/chatsdk/UnityChatSDK/Assets
GfxDevice: creating device client; threaded=0; jobified=0
 preferred device: Apple M1 (high power)
Metal devices available: 1
0: Apple M1 (high power)
Using device Apple M1 (high power)
Initializing Metal device caps: Apple M1
Initialize mono
Mono path[0] = '/Applications/Unity/Hub/Editor/2021.3.11f1/Unity.app/Contents/Managed'
Mono path[1] = '/Applications/Unity/Hub/Editor/2021.3.11f1/Unity.app/Contents/MonoBleedingEdge/lib/mono/unityjit-macos'
Mono config path = '/Applications/Unity/Hub/Editor/2021.3.11f1/Unity.app/Contents/MonoBleedingEdge/etc'
Using monoOptions --debugger-agent=transport=dt_socket,embedding=1,server=y,suspend=n,address=127.0.0.1:56842
Begin MonoManager ReloadAssembly
Registering precompiled unity dll's ...
Register platform support module: /Applications/Unity/Hub/Editor/2021.3.11f1/PlaybackEngines/WebGLSupport/UnityEditor.WebGL.Extensions.dll
Register platform support module: /Applications/Unity/Hub/Editor/2021.3.11f1/Unity.app/Contents/PlaybackEngines/MacStandaloneSupport/UnityEditor.OSXStandalone.Extensions.dll
Registered in 0.014076 seconds.
Native extension for OSXStandalone target not found
Native extension for WebGL target not found
Refreshing native plugins compatible for Editor in 98.07 ms, found 3 plugins.
Preloading 0 native plugins for Editor in 0.00 ms.
Mono: successfully reloaded assembly
- Completed reload, in  0.807 seconds
Domain Reload Profiling:
	ReloadAssembly (808ms)
		BeginReloadAssembly (290ms)
			ExecutionOrderSort (0ms)
			DisableScriptedObjects (0ms)
			BackupInstance (0ms)
			ReleaseScriptingObjects (0ms)
			CreateAndSetChildDomain (0ms)
		EndReloadAssembly (401ms)
			LoadAssemblies (291ms)
			RebuildTransferFunctionScriptingTraits (1ms)
			SetupTypeCache (96ms)
			ReleaseScriptCaches (0ms)
			RebuildScriptCaches (26ms)
			SetupLoadedEditorAssemblies (231ms)
				LogAssemblyErrors (0ms)
				InitializePlatformSupportModulesInManaged (7ms)
				SetLoadedEditorAssemblies (0ms)
				RefreshPlugins (98ms)
				BeforeProcessingInitializeOnLoad (1ms)
				ProcessInitializeOnLoadAttributes (96ms)
				ProcessInitializeOnLoadMethodAttributes (29ms)
				AfterProcessingInitializeOnLoad (0ms)
				EditorAssembliesLoaded (0ms)
			ExecutionOrderSort2 (0ms)
			AwakeInstancesAfterBackupRestoration (0ms)
Platform modules already initialized, skipping
Registering precompiled user dll's ...
Registered in 0.008108 seconds.
Begin MonoManager ReloadAssembly
Symbol file LoadedFromMemory doesn't match image /Users/pk/Games/chatsdk/UnityChatSDK/Library/PackageCache/com.unity.visualscripting@1.7.8/Editor/VisualScripting.Core/Dependencies/YamlDotNet/Unity.VisualScripting.YamlDotNet.dll
Symbol file LoadedFromMemory doesn't match image /Users/pk/Games/chatsdk/UnityChatSDK/Library/PackageCache/com.unity.visualscripting@1.7.8/Editor/VisualScripting.Core/Dependencies/DotNetZip/Unity.VisualScripting.IonicZip.dll
Native extension for OSXStandalone target not found
Native extension for WebGL target not found
Refreshing native plugins compatible for Editor in 96.16 ms, found 3 plugins.
Preloading 0 native plugins for Editor in 0.00 ms.
Mono: successfully reloaded assembly
- Completed reload, in  0.893 seconds
Domain Reload Profiling:
	ReloadAssembly (908ms)
		BeginReloadAssembly (81ms)
			ExecutionOrderSort (0ms)
			DisableScriptedObjects (4ms)
			BackupInstance (0ms)
			ReleaseScriptingObjects (0ms)
			CreateAndSetChildDomain (18ms)
		EndReloadAssembly (747ms)
			LoadAssemblies (111ms)
			RebuildTransferFunctionScriptingTraits (0ms)
			SetupTypeCache (187ms)
			ReleaseScriptCaches (1ms)
			RebuildScriptCaches (43ms)
			SetupLoadedEditorAssemblies (365ms)
				LogAssemblyErrors (0ms)
				InitializePlatformSupportModulesInManaged (2ms)
				SetLoadedEditorAssemblies (0ms)
				RefreshPlugins (96ms)
				BeforeProcessingInitializeOnLoad (65ms)
				ProcessInitializeOnLoadAttributes (168ms)
				ProcessInitializeOnLoadMethodAttributes (32ms)
				AfterProcessingInitializeOnLoad (1ms)
				EditorAssembliesLoaded (0ms)
			ExecutionOrderSort2 (0ms)
			AwakeInstancesAfterBackupRestoration (2ms)
Platform modules already initialized, skipping
========================================================================
Worker process is ready to serve import requests
Launching external process: /Applications/Unity/Hub/Editor/2021.3.11f1/Unity.app/Contents/Tools/UnityShaderCompiler
Launched and connected shader compiler UnityShaderCompiler after 0.35 seconds
Refreshing native plugins compatible for Editor in 0.86 ms, found 3 plugins.
Preloading 0 native plugins for Editor in 0.00 ms.
Unloading 4083 Unused Serialized files (Serialized files now loaded: 0)
Unloading 45 unused Assets / (201.4 KB). Loaded Objects now: 4534.
Memory consumption went from 267.4 MB to 267.2 MB.
Total: 7.968500 ms (FindLiveObjects: 2.073375 ms CreateObjectMapping: 0.055542 ms MarkObjects: 5.409000 ms  DeleteObjects: 0.429625 ms)

AssetImportParameters requested are different than current active one (requested -> active):
  custom:video-decoder-ogg-theora: a1e56fd34408186e4bbccfd4996cb3dc -> 
  custom:container-muxer-webm: aa71ff27fc2769a1b78a27578f13a17b -> 
  custom:container-demuxer-webm: 4f35f7cbe854078d1ac9338744f61a02 -> 
  custom:video-encoder-webm-vp8: eb34c28f22e8b96e1ab97ce403110664 -> 
  custom:framework-osx-AVFoundation: e770b220cccbd017edd2c1fefb359320 -> 
  custom:audio-encoder-webm-vorbis: bf7c407c2cedff20999df2af8eb42d56 -> 
  custom:container-demuxer-ogg: 62fdf1f143b41e24485cea50d1cbac27 -> 
  custom:video-decoder-webm-vp8: 9c59270c3fd7afecdb556c50c9e8de78 -> 
  custom:audio-decoder-ogg-vorbis: bf7c407c2cedff20999df2af8eb42d56 -> 
========================================================================
Received Import Request.
  Time since last request: 2550591.790643 seconds.
  path: Assets/GUI PRO Kit - Simple Casual/Sprite/Demo/Demo_ItemIcon_(OriginalSize)/itemicon_energy_0_red.png
  artifactKey: Guid(99d662458234b4267ba6058db437b482) Importer(815301076,1909f56bfc062723c751e8b465ee728b)
Start importing Assets/GUI PRO Kit - Simple Casual/Sprite/Demo/Demo_ItemIcon_(OriginalSize)/itemicon_energy_0_red.png using Guid(99d662458234b4267ba6058db437b482) Importer(815301076,1909f56bfc062723c751e8b465ee728b)  -> (artifact id: 'fa2c5bc800b8e1bc9e9105b9ef213f02') in 0.901255 seconds 
========================================================================
Received Import Request.
  Time since last request: 0.000087 seconds.
  path: Assets/GUI PRO Kit - Simple Casual/Sprite/Demo/Demo_ItemIcon_(OriginalSize)/itemicon_eatrh.png
  artifactKey: Guid(e0bf0e1d09f994f069c3ee737c5beeff) Importer(815301076,1909f56bfc062723c751e8b465ee728b)
Start importing Assets/GUI PRO Kit - Simple Casual/Sprite/Demo/Demo_ItemIcon_(OriginalSize)/itemicon_eatrh.png using Guid(e0bf0e1d09f994f069c3ee737c5beeff) Importer(815301076,1909f56bfc062723c751e8b465ee728b)  -> (artifact id: '0cd7e31d4cfa6c5970e19e2d5cf5c04b') in 0.015087 seconds 
========================================================================
Received Import Request.
  Time since last request: 0.000074 seconds.
  path: Assets/GUI PRO Kit - Simple Casual/Sprite/Demo/Demo_ItemIcon_(OriginalSize)/itemicon_camera_blue.png
  artifactKey: Guid(84324958d46f44f59a5b5d17c3813e4a) Importer(815301076,1909f56bfc062723c751e8b465ee728b)
Start importing Assets/GUI PRO Kit - Simple Casual/Sprite/Demo/Demo_ItemIcon_(OriginalSize)/itemicon_camera_blue.png using Guid(84324958d46f44f59a5b5d17c3813e4a) Importer(815301076,1909f56bfc062723c751e8b465ee728b)  -> (artifact id: '5eb1586ea9ee849c50c3c19654d67e5a') in 0.009030 seconds 
========================================================================
Received Import Request.
  Time since last request: 0.000044 seconds.
  path: Assets/GUI PRO Kit - Simple Casual/Sprite/Demo/Demo_ItemIcon_(OriginalSize)/itemicon_egg.png
  artifactKey: Guid(da4d5f92f6e0241b1b423bb51b9080c8) Importer(815301076,1909f56bfc062723c751e8b465ee728b)
Start importing Assets/GUI PRO Kit - Simple Casual/Sprite/Demo/Demo_ItemIcon_(OriginalSize)/itemicon_egg.png using Guid(da4d5f92f6e0241b1b423bb51b9080c8) Importer(815301076,1909f56bfc062723c751e8b465ee728b)  -> (artifact id: '60e1c5fb29965d09b6a80c38d6a0e168') in 0.007588 seconds 
========================================================================
Received Import Request.
  Time since last request: 0.000043 seconds.
  path: Assets/GUI PRO Kit - Simple Casual/Sprite/Demo/Demo_ItemIcon_(OriginalSize)/itemicon_document.png
  artifactKey: Guid(3edc330b65e87415d98454ccac65ee4b) Importer(815301076,1909f56bfc062723c751e8b465ee728b)
Start importing Assets/GUI PRO Kit - Simple Casual/Sprite/Demo/Demo_ItemIcon_(OriginalSize)/itemicon_document.png using Guid(3edc330b65e87415d98454ccac65ee4b) Importer(815301076,1909f56bfc062723c751e8b465ee728b)  -> (artifact id: '7556cdaf36d0fd5f123748776b15d089') in 0.008017 seconds 
========================================================================
Received Import Request.
  Time since last request: 0.000047 seconds.
  path: Assets/GUI PRO Kit - Simple Casual/Sprite/Demo/Demo_ItemIcon_(OriginalSize)/itemicon_card.png
  artifactKey: Guid(0a5e1cd5ad1084452a928f7c4b42ca7a) Importer(815301076,1909f56bfc062723c751e8b465ee728b)
Start importing Assets/GUI PRO Kit - Simple Casual/Sprite/Demo/Demo_ItemIcon_(OriginalSize)/itemicon_card.png using Guid(0a5e1cd5ad1084452a928f7c4b42ca7a) Importer(815301076,1909f56bfc062723c751e8b465ee728b)  -> (artifact id: '076e75d1fff114f47be1d8518d374741') in 0.008411 seconds 
========================================================================
Received Import Request.
  Time since last request: 0.000038 seconds.
  path: Assets/GUI PRO Kit - Simple Casual/Sprite/Demo/Demo_ItemIcon_(OriginalSize)/itemicon_diamond_red.png
  artifactKey: Guid(32a42283675144e90a1b2ea317917068) Importer(815301076,1909f56bfc062723c751e8b465ee728b)
Start importing Assets/GUI PRO Kit - Simple Casual/Sprite/Demo/Demo_ItemIcon_(OriginalSize)/itemicon_diamond_red.png using Guid(32a42283675144e90a1b2ea317917068) Importer(815301076,1909f56bfc062723c751e8b465ee728b)  -> (artifact id: '6b19eec413a92c3fa197abe115b1340a') in 0.010077 seconds 
========================================================================
Received Import Request.
  Time since last request: 0.000060 seconds.
  path: Assets/GUI PRO Kit - Simple Casual/Sprite/Demo/Demo_ItemIcon_(OriginalSize)/itemicon_chest_blue.png
  artifactKey: Guid(fe5853c23ea804f688827d03dc8df93d) Importer(815301076,1909f56bfc062723c751e8b465ee728b)
Start importing Assets/GUI PRO Kit - Simple Casual/Sprite/Demo/Demo_ItemIcon_(OriginalSize)/itemicon_chest_blue.png using Guid(fe5853c23ea804f688827d03dc8df93d) Importer(815301076,1909f56bfc062723c751e8b465ee728b)  -> (artifact id: 'b4fe7890682c9552eb6cf5e484a1b78f') in 0.010258 seconds 
========================================================================
Received Import Request.
  Time since last request: 0.000078 seconds.
  path: Assets/GUI PRO Kit - Simple Casual/Sprite/Demo/Demo_ItemIcon_(OriginalSize)/itemicon_chest_brown_open.png
  artifactKey: Guid(d33e5be2e26d34328bf5a043038fb767) Importer(815301076,1909f56bfc062723c751e8b465ee728b)
Start importing Assets/GUI PRO Kit - Simple Casual/Sprite/Demo/Demo_ItemIcon_(OriginalSize)/itemicon_chest_brown_open.png using Guid(d33e5be2e26d34328bf5a043038fb767) Importer(815301076,1909f56bfc062723c751e8b465ee728b)  -> (artifact id: 'e7f786e7a28756ca04110ab75ed8b48e') in 0.011111 seconds 
========================================================================
Received Import Request.
  Time since last request: 0.000048 seconds.
  path: Assets/GUI PRO Kit - Simple Casual/Sprite/Demo/Demo_ItemIcon_(OriginalSize)/itemicon_coin_blue.png
  artifactKey: Guid(65b1a1a8a90994a24938308ff76239a6) Importer(815301076,1909f56bfc062723c751e8b465ee728b)
Start importing Assets/GUI PRO Kit - Simple Casual/Sprite/Demo/Demo_ItemIcon_(OriginalSize)/itemicon_coin_blue.png using Guid(65b1a1a8a90994a24938308ff76239a6) Importer(815301076,1909f56bfc062723c751e8b465ee728b)  -> (artifact id: 'd3bd4af207cf3e5eaa1bb9bf3979d7c4') in 0.013147 seconds 
========================================================================
Received Import Request.
  Time since last request: 141.056819 seconds.
  path: Assets/ChatSDK/Demo_Scene.unity
  artifactKey: Guid(467e960e3c33d9840bcad24d9c4336d5) Importer(815301076,1909f56bfc062723c751e8b465ee728b)
Start importing Assets/ChatSDK/Demo_Scene.unity using Guid(467e960e3c33d9840bcad24d9c4336d5) Importer(815301076,1909f56bfc062723c751e8b465ee728b)  -> (artifact id: 'b2f8550c5a776d82ae8dfdd68f9313d7') in 0.019537 seconds 
========================================================================
Received Import Request.
  Time since last request: 8.519829 seconds.
  path: Assets/ChatSDK/Prefabs/ChatManager.prefab
  artifactKey: Guid(09f21bff0a9214063acceaa0b772bf96) Importer(815301076,1909f56bfc062723c751e8b465ee728b)
Start importing Assets/ChatSDK/Prefabs/ChatManager.prefab using Guid(09f21bff0a9214063acceaa0b772bf96) Importer(815301076,1909f56bfc062723c751e8b465ee728b)  -> (artifact id: '1ddba88be0b089a2802eaba3ac4f2fa6') in 0.790471 seconds 
========================================================================
Received Import Request.
  Time since last request: 1294.084185 seconds.
  path: Assets/ChatSDK/UI/Loading_Animation.anim
  artifactKey: Guid(910457a4b4dd5bf439e9b1cfe42ff69e) Importer(815301076,1909f56bfc062723c751e8b465ee728b)
Start importing Assets/ChatSDK/UI/Loading_Animation.anim using Guid(910457a4b4dd5bf439e9b1cfe42ff69e) Importer(815301076,1909f56bfc062723c751e8b465ee728b)  -> (artifact id: '0ac2f04a85c7d11d0607d4cb06b62354') in 0.576518 seconds 
========================================================================
Received Import Request.
  Time since last request: 0.012672 seconds.
  path: Assets/TextMesh Pro/Shaders/TMP_SDF-Mobile.shader
  artifactKey: Guid(fe393ace9b354375a9cb14cdbbc28be4) Importer(815301076,1909f56bfc062723c751e8b465ee728b)
Start importing Assets/TextMesh Pro/Shaders/TMP_SDF-Mobile.shader using Guid(fe393ace9b354375a9cb14cdbbc28be4) Importer(815301076,1909f56bfc062723c751e8b465ee728b)  -> (artifact id: 'cdab7a6088adfe4b226e423bf5416a4c') in 0.028979 seconds 
========================================================================
Received Import Request.
  Time since last request: 0.000130 seconds.
  path: Assets/ChatSDK/UI/Loading_animation.controller
  artifactKey: Guid(18ea1ea6a3aacb341bf8f62e473ee81e) Importer(815301076,1909f56bfc062723c751e8b465ee728b)
Start importing Assets/ChatSDK/UI/Loading_animation.controller using Guid(18ea1ea6a3aacb341bf8f62e473ee81e) Importer(815301076,1909f56bfc062723c751e8b465ee728b)  -> (artifact id: 'a0e998ff8fcc768e3e1031a93b5ea801') in 0.087510 seconds 
========================================================================
Received Import Request.
  Time since last request: 0.005181 seconds.
  path: Assets/ChatSDK/Scripts/ChatManager.cs
  artifactKey: Guid(184e07500d5ad214882e3dd222a2d8a8) Importer(815301076,1909f56bfc062723c751e8b465ee728b)
Start importing Assets/ChatSDK/Scripts/ChatManager.cs using Guid(184e07500d5ad214882e3dd222a2d8a8) Importer(815301076,1909f56bfc062723c751e8b465ee728b)  -> (artifact id: 'c6324ec77b7f553a7ffc2139114a3bd8') in 0.206114 seconds 
========================================================================
Received Import Request.
  Time since last request: 0.001311 seconds.
  path: Assets/TextMesh Pro/Resources/Fonts & Materials/LiberationSans SDF - Fallback.asset
  artifactKey: Guid(2e498d1c8094910479dc3e1b768306a4) Importer(815301076,1909f56bfc062723c751e8b465ee728b)
Start importing Assets/TextMesh Pro/Resources/Fonts & Materials/LiberationSans SDF - Fallback.asset using Guid(2e498d1c8094910479dc3e1b768306a4) Importer(815301076,1909f56bfc062723c751e8b465ee728b)  -> (artifact id: '0acdee2130716a610ed35d8fe1cdcb68') in 0.549623 seconds 
========================================================================
Received Import Request.
  Time since last request: 0.001429 seconds.
  path: Assets/TextMesh Pro/Shaders/TMPro_Properties.cginc
  artifactKey: Guid(3997e2241185407d80309a82f9148466) Importer(815301076,1909f56bfc062723c751e8b465ee728b)
Start importing Assets/TextMesh Pro/Shaders/TMPro_Properties.cginc using Guid(3997e2241185407d80309a82f9148466) Importer(815301076,1909f56bfc062723c751e8b465ee728b)  -> (artifact id: '7506c69260bf7c1cdf33a8f62db534a1') in 0.025202 seconds 
========================================================================
Received Import Request.
  Time since last request: 0.003310 seconds.
  path: Assets/TextMesh Pro/Resources/Fonts & Materials/LiberationSans SDF.asset
  artifactKey: Guid(8f586378b4e144a9851e7b34d9b748ee) Importer(815301076,1909f56bfc062723c751e8b465ee728b)
Start importing Assets/TextMesh Pro/Resources/Fonts & Materials/LiberationSans SDF.asset using Guid(8f586378b4e144a9851e7b34d9b748ee) Importer(815301076,1909f56bfc062723c751e8b465ee728b)  -> (artifact id: '909588f807d97ebfc5ca0cbc07943142') in 0.030354 seconds 
========================================================================
Received Import Request.
  Time since last request: 0.001094 seconds.
  path: Assets/TextMesh Pro/Fonts/LiberationSans.ttf
  artifactKey: Guid(e3265ab4bf004d28a9537516768c1c75) Importer(815301076,1909f56bfc062723c751e8b465ee728b)
Start importing Assets/TextMesh Pro/Fonts/LiberationSans.ttf using Guid(e3265ab4bf004d28a9537516768c1c75) Importer(815301076,1909f56bfc062723c751e8b465ee728b)  -> (artifact id: '3aa38c98bfb4b46681050c9a3dc801be') in 0.931899 seconds 
